c:\users\tyler\documents\github\pokevis\pokevis\x64\debug\pokevis.pch
c:\users\tyler\documents\github\pokevis\pokevis\x64\debug\vc120.pdb
c:\users\tyler\documents\github\pokevis\pokevis\x64\debug\vc120.idb
c:\users\tyler\documents\github\pokevis\pokevis\x64\debug\stdafx.obj
c:\users\tyler\documents\github\pokevis\pokevis\x64\debug\console.obj
c:\users\tyler\documents\github\pokevis\pokevis\x64\debug\core.obj
c:\users\tyler\documents\github\pokevis\pokevis\x64\debug\display.obj
c:\users\tyler\documents\github\pokevis\pokevis\x64\debug\party.obj
c:\users\tyler\documents\github\pokevis\pokevis\x64\debug\poke.obj
c:\users\tyler\documents\github\pokevis\pokevis\x64\debug\pokevis.obj
c:\users\tyler\documents\github\pokevis\pokevis\x64\debug\ticker.obj
c:\users\tyler\documents\github\pokevis\pokevis\x64\debug\util.obj
c:\users\tyler\pokevis build\debug\pokevis.ilk
c:\users\tyler\pokevis build\debug\pokevis.exe
c:\users\tyler\pokevis build\debug\pokevis.pdb
c:\users\tyler\documents\github\pokevis\pokevis\x64\debug\pokevis.tlog\cl.command.1.tlog
c:\users\tyler\documents\github\pokevis\pokevis\x64\debug\pokevis.tlog\cl.read.1.tlog
c:\users\tyler\documents\github\pokevis\pokevis\x64\debug\pokevis.tlog\cl.write.1.tlog
c:\users\tyler\documents\github\pokevis\pokevis\x64\debug\pokevis.tlog\link.command.1.tlog
c:\users\tyler\documents\github\pokevis\pokevis\x64\debug\pokevis.tlog\link.read.1.tlog
c:\users\tyler\documents\github\pokevis\pokevis\x64\debug\pokevis.tlog\link.write.1.tlog
